SessionID[b'NjM4MTk='] 2019-04-02 16:26:41,801 : ---[ Start DHCP Tue Apr  2 16:26:41 2019]---
SessionID[b'MzIzNDc='] 2019-04-02 16:28:21,334 : ---[ Start DHCP Tue Apr  2 16:28:21 2019]---
SessionID[b'MzIzNDc='] 2019-04-02 16:28:21,352 : b'Internet Systems Consortium DHCP Server 4.3.5'
SessionID[b'MzIzNDc='] 2019-04-02 16:28:21,354 : b'Copyright 2004-2016 Internet Systems Consortium.'
SessionID[b'MzIzNDc='] 2019-04-02 16:28:21,355 : b'All rights reserved.'
SessionID[b'MzIzNDc='] 2019-04-02 16:28:21,356 : b'For info, please visit https://www.isc.org/software/dhcp/'
SessionID[b'MzIzNDc='] 2019-04-02 16:28:21,374 : b'Config file: /etc/dhcp/dhcpd.conf'
SessionID[b'MzIzNDc='] 2019-04-02 16:28:21,375 : b'Database file: /var/lib/dhcp/dhcpd.leases'
SessionID[b'MzIzNDc='] 2019-04-02 16:28:21,375 : b'PID file: /var/run/dhcpd.pid'
SessionID[b'MzIzNDc='] 2019-04-02 16:28:21,376 : b'Wrote 0 leases to leases file.'
SessionID[b'MzIzNDc='] 2019-04-02 16:28:25,377 : b''
SessionID[b'MzIzNDc='] 2019-04-02 16:28:25,377 : b'No subnet declaration for wlxc83a35cef744 (10.0.0.1).'
SessionID[b'MzIzNDc='] 2019-04-02 16:28:25,377 : b'** Ignoring requests on wlxc83a35cef744.  If this is not what'
SessionID[b'MzIzNDc='] 2019-04-02 16:28:25,377 : b'   you want, please write a subnet declaration'
SessionID[b'MzIzNDc='] 2019-04-02 16:28:25,377 : b'   in your dhcpd.conf file for the network segment'
SessionID[b'MzIzNDc='] 2019-04-02 16:28:25,377 : b'   to which interface wlxc83a35cef744 is attached. **'
SessionID[b'MzIzNDc='] 2019-04-02 16:28:25,377 : b''
SessionID[b'MzIzNDc='] 2019-04-02 16:28:25,377 : b''
SessionID[b'MzIzNDc='] 2019-04-02 16:28:25,377 : b'Not configured to listen on any interfaces!'
SessionID[b'MzIzNDc='] 2019-04-02 16:28:25,377 : b''
SessionID[b'MzIzNDc='] 2019-04-02 16:28:25,377 : b'If you think you have received this message due to a bug rather'
SessionID[b'MzIzNDc='] 2019-04-02 16:28:25,377 : b'than a configuration issue please read the section on submitting'
SessionID[b'MzIzNDc='] 2019-04-02 16:28:25,377 : b'bugs on either our web page at www.isc.org or in the README file'
SessionID[b'MzIzNDc='] 2019-04-02 16:28:25,377 : b'before submitting a bug.  These pages explain the proper'
SessionID[b'MzIzNDc='] 2019-04-02 16:28:25,377 : b'process and the information we find helpful for debugging..'
SessionID[b'MzIzNDc='] 2019-04-02 16:28:25,377 : b''
SessionID[b'MzIzNDc='] 2019-04-02 16:28:25,377 : b'exiting.'
SessionID[b'MzcxNzM='] 2019-04-02 16:30:02,708 : ---[ Start DHCP Tue Apr  2 16:30:02 2019]---
SessionID[b'MzcxNzM='] 2019-04-02 16:30:02,735 : b'Internet Systems Consortium DHCP Server 4.3.5'
SessionID[b'MzcxNzM='] 2019-04-02 16:30:02,737 : b'Copyright 2004-2016 Internet Systems Consortium.'
SessionID[b'MzcxNzM='] 2019-04-02 16:30:02,739 : b'All rights reserved.'
SessionID[b'MzcxNzM='] 2019-04-02 16:30:02,742 : b'For info, please visit https://www.isc.org/software/dhcp/'
SessionID[b'MzcxNzM='] 2019-04-02 16:30:02,762 : b'Config file: /etc/dhcp/dhcpd.conf'
SessionID[b'MzcxNzM='] 2019-04-02 16:30:02,763 : b'Database file: /var/lib/dhcp/dhcpd.leases'
SessionID[b'MzcxNzM='] 2019-04-02 16:30:02,764 : b'PID file: /var/run/dhcpd.pid'
SessionID[b'MzcxNzM='] 2019-04-02 16:30:02,765 : b'Wrote 0 leases to leases file.'
SessionID[b'MzcxNzM='] 2019-04-02 16:30:07,829 : b''
SessionID[b'MzcxNzM='] 2019-04-02 16:30:07,829 : b'No subnet declaration for wlxc83a35cef744 (10.0.0.1).'
SessionID[b'MzcxNzM='] 2019-04-02 16:30:07,829 : b'** Ignoring requests on wlxc83a35cef744.  If this is not what'
SessionID[b'MzcxNzM='] 2019-04-02 16:30:07,831 : b'   you want, please write a subnet declaration'
SessionID[b'MzcxNzM='] 2019-04-02 16:30:07,832 : b'   in your dhcpd.conf file for the network segment'
SessionID[b'MzcxNzM='] 2019-04-02 16:30:07,832 : b'   to which interface wlxc83a35cef744 is attached. **'
SessionID[b'MzcxNzM='] 2019-04-02 16:30:07,832 : b''
SessionID[b'MzcxNzM='] 2019-04-02 16:30:07,832 : b''
SessionID[b'MzcxNzM='] 2019-04-02 16:30:07,832 : b'Not configured to listen on any interfaces!'
SessionID[b'MzcxNzM='] 2019-04-02 16:30:07,832 : b''
SessionID[b'MzcxNzM='] 2019-04-02 16:30:07,832 : b'If you think you have received this message due to a bug rather'
SessionID[b'MzcxNzM='] 2019-04-02 16:30:07,832 : b'than a configuration issue please read the section on submitting'
SessionID[b'MzcxNzM='] 2019-04-02 16:30:07,833 : b'bugs on either our web page at www.isc.org or in the README file'
SessionID[b'MzcxNzM='] 2019-04-02 16:30:07,833 : b'before submitting a bug.  These pages explain the proper'
SessionID[b'MzcxNzM='] 2019-04-02 16:30:07,833 : b'process and the information we find helpful for debugging..'
SessionID[b'MzcxNzM='] 2019-04-02 16:30:07,833 : b''
SessionID[b'MzcxNzM='] 2019-04-02 16:30:07,834 : b'exiting.'
SessionID[b'OTM5'] 2019-04-02 16:40:47,147 : ---[ Start DHCP Tue Apr  2 16:40:47 2019]---
SessionID[b'OTM5'] 2019-04-02 16:40:47,174 : b'Internet Systems Consortium DHCP Server 4.3.5'
SessionID[b'OTM5'] 2019-04-02 16:40:47,176 : b'Copyright 2004-2016 Internet Systems Consortium.'
SessionID[b'OTM5'] 2019-04-02 16:40:47,178 : b'All rights reserved.'
SessionID[b'OTM5'] 2019-04-02 16:40:47,179 : b'For info, please visit https://www.isc.org/software/dhcp/'
SessionID[b'OTM5'] 2019-04-02 16:40:47,201 : b'Config file: /etc/dhcp/dhcpd.conf'
SessionID[b'OTM5'] 2019-04-02 16:40:47,202 : b'Database file: /var/lib/dhcp/dhcpd.leases'
SessionID[b'OTM5'] 2019-04-02 16:40:47,203 : b'PID file: /var/run/dhcpd.pid'
SessionID[b'OTM5'] 2019-04-02 16:40:47,204 : b'Wrote 0 leases to leases file.'
SessionID[b'OTM5'] 2019-04-02 16:40:51,314 : b''
SessionID[b'OTM5'] 2019-04-02 16:40:51,315 : b'No subnet declaration for wlxc83a35cef744 (10.0.0.1).'
SessionID[b'OTM5'] 2019-04-02 16:40:51,316 : b'** Ignoring requests on wlxc83a35cef744.  If this is not what'
SessionID[b'OTM5'] 2019-04-02 16:40:51,316 : b'   you want, please write a subnet declaration'
SessionID[b'OTM5'] 2019-04-02 16:40:51,316 : b'   in your dhcpd.conf file for the network segment'
SessionID[b'OTM5'] 2019-04-02 16:40:51,316 : b'   to which interface wlxc83a35cef744 is attached. **'
SessionID[b'OTM5'] 2019-04-02 16:40:51,317 : b''
SessionID[b'OTM5'] 2019-04-02 16:40:51,317 : b''
SessionID[b'OTM5'] 2019-04-02 16:40:51,317 : b'Not configured to listen on any interfaces!'
SessionID[b'OTM5'] 2019-04-02 16:40:51,317 : b''
SessionID[b'OTM5'] 2019-04-02 16:40:51,317 : b'If you think you have received this message due to a bug rather'
SessionID[b'OTM5'] 2019-04-02 16:40:51,317 : b'than a configuration issue please read the section on submitting'
SessionID[b'OTM5'] 2019-04-02 16:40:51,318 : b'bugs on either our web page at www.isc.org or in the README file'
SessionID[b'OTM5'] 2019-04-02 16:40:51,318 : b'before submitting a bug.  These pages explain the proper'
SessionID[b'OTM5'] 2019-04-02 16:40:51,318 : b'process and the information we find helpful for debugging..'
SessionID[b'OTM5'] 2019-04-02 16:40:51,318 : b''
SessionID[b'OTM5'] 2019-04-02 16:40:51,318 : b'exiting.'
SessionID[b'ODQyNzE='] 2019-04-02 16:44:06,588 : ---[ Start DHCP Tue Apr  2 16:44:06 2019]---
SessionID[b'ODQyNzE='] 2019-04-02 16:44:06,621 : b'Internet Systems Consortium DHCP Server 4.3.5'
SessionID[b'ODQyNzE='] 2019-04-02 16:44:06,622 : b'Copyright 2004-2016 Internet Systems Consortium.'
SessionID[b'ODQyNzE='] 2019-04-02 16:44:06,624 : b'All rights reserved.'
SessionID[b'ODQyNzE='] 2019-04-02 16:44:06,625 : b'For info, please visit https://www.isc.org/software/dhcp/'
SessionID[b'ODQyNzE='] 2019-04-02 16:44:06,663 : b'Config file: /etc/dhcp/dhcpd.conf'
SessionID[b'ODQyNzE='] 2019-04-02 16:44:06,667 : b'Database file: /var/lib/dhcp/dhcpd.leases'
SessionID[b'ODQyNzE='] 2019-04-02 16:44:06,668 : b'PID file: /var/run/dhcpd.pid'
SessionID[b'ODQyNzE='] 2019-04-02 16:44:06,670 : b'Wrote 0 leases to leases file.'
SessionID[b'ODQyNzE='] 2019-04-02 16:44:09,799 : b''
SessionID[b'ODQyNzE='] 2019-04-02 16:44:09,800 : b'No subnet declaration for wlxc83a35cef744 (10.0.0.1).'
SessionID[b'ODQyNzE='] 2019-04-02 16:44:09,800 : b'** Ignoring requests on wlxc83a35cef744.  If this is not what'
SessionID[b'ODQyNzE='] 2019-04-02 16:44:09,800 : b'   you want, please write a subnet declaration'
SessionID[b'ODQyNzE='] 2019-04-02 16:44:09,800 : b'   in your dhcpd.conf file for the network segment'
SessionID[b'ODQyNzE='] 2019-04-02 16:44:09,800 : b'   to which interface wlxc83a35cef744 is attached. **'
SessionID[b'ODQyNzE='] 2019-04-02 16:44:09,800 : b''
SessionID[b'ODQyNzE='] 2019-04-02 16:44:09,800 : b''
SessionID[b'ODQyNzE='] 2019-04-02 16:44:09,800 : b'Not configured to listen on any interfaces!'
SessionID[b'ODQyNzE='] 2019-04-02 16:44:09,800 : b''
SessionID[b'ODQyNzE='] 2019-04-02 16:44:09,800 : b'If you think you have received this message due to a bug rather'
SessionID[b'ODQyNzE='] 2019-04-02 16:44:09,800 : b'than a configuration issue please read the section on submitting'
SessionID[b'ODQyNzE='] 2019-04-02 16:44:09,800 : b'bugs on either our web page at www.isc.org or in the README file'
SessionID[b'ODQyNzE='] 2019-04-02 16:44:09,800 : b'before submitting a bug.  These pages explain the proper'
SessionID[b'ODQyNzE='] 2019-04-02 16:44:09,800 : b'process and the information we find helpful for debugging..'
SessionID[b'ODQyNzE='] 2019-04-02 16:44:09,800 : b''
SessionID[b'ODQyNzE='] 2019-04-02 16:44:09,800 : b'exiting.'
SessionID[b'MTUyMjY='] 2019-04-02 16:46:04,157 : ---[ Start DHCP Tue Apr  2 16:46:04 2019]---
SessionID[b'MTUyMjY='] 2019-04-02 16:46:04,181 : b'Internet Systems Consortium DHCP Server 4.3.5'
SessionID[b'MTUyMjY='] 2019-04-02 16:46:04,183 : b'Copyright 2004-2016 Internet Systems Consortium.'
SessionID[b'MTUyMjY='] 2019-04-02 16:46:04,183 : b'All rights reserved.'
SessionID[b'MTUyMjY='] 2019-04-02 16:46:04,183 : b'For info, please visit https://www.isc.org/software/dhcp/'
SessionID[b'MTUyMjY='] 2019-04-02 16:46:04,193 : b'Config file: /etc/dhcp/dhcpd.conf'
SessionID[b'MTUyMjY='] 2019-04-02 16:46:04,194 : b'Database file: /var/lib/dhcp/dhcpd.leases'
SessionID[b'MTUyMjY='] 2019-04-02 16:46:04,194 : b'PID file: /var/run/dhcpd.pid'
SessionID[b'MTUyMjY='] 2019-04-02 16:46:04,195 : b'Wrote 0 leases to leases file.'
SessionID[b'MTUyMjY='] 2019-04-02 16:46:07,731 : b''
SessionID[b'MTUyMjY='] 2019-04-02 16:46:07,731 : b'No subnet declaration for wlxc83a35cef744 (10.0.0.1).'
SessionID[b'MTUyMjY='] 2019-04-02 16:46:07,732 : b'** Ignoring requests on wlxc83a35cef744.  If this is not what'
SessionID[b'MTUyMjY='] 2019-04-02 16:46:07,740 : b'   you want, please write a subnet declaration'
SessionID[b'MTUyMjY='] 2019-04-02 16:46:07,740 : b'   in your dhcpd.conf file for the network segment'
SessionID[b'MTUyMjY='] 2019-04-02 16:46:07,740 : b'   to which interface wlxc83a35cef744 is attached. **'
SessionID[b'MTUyMjY='] 2019-04-02 16:46:07,740 : b''
SessionID[b'MTUyMjY='] 2019-04-02 16:46:07,741 : b''
SessionID[b'MTUyMjY='] 2019-04-02 16:46:07,741 : b'Not configured to listen on any interfaces!'
SessionID[b'MTUyMjY='] 2019-04-02 16:46:07,741 : b''
SessionID[b'MTUyMjY='] 2019-04-02 16:46:07,741 : b'If you think you have received this message due to a bug rather'
SessionID[b'MTUyMjY='] 2019-04-02 16:46:07,741 : b'than a configuration issue please read the section on submitting'
SessionID[b'MTUyMjY='] 2019-04-02 16:46:07,741 : b'bugs on either our web page at www.isc.org or in the README file'
SessionID[b'MTUyMjY='] 2019-04-02 16:46:07,741 : b'before submitting a bug.  These pages explain the proper'
SessionID[b'MTUyMjY='] 2019-04-02 16:46:07,741 : b'process and the information we find helpful for debugging..'
SessionID[b'MTUyMjY='] 2019-04-02 16:46:07,742 : b''
SessionID[b'MTUyMjY='] 2019-04-02 16:46:07,742 : b'exiting.'
SessionID[b'ODUwOA=='] 2019-04-02 16:53:00,508 : ---[ Start DHCP Tue Apr  2 16:53:00 2019]---
SessionID[b'ODUwOA=='] 2019-04-02 16:53:00,602 : b'Internet Systems Consortium DHCP Server 4.3.5'
SessionID[b'ODUwOA=='] 2019-04-02 16:53:00,604 : b'Copyright 2004-2016 Internet Systems Consortium.'
SessionID[b'ODUwOA=='] 2019-04-02 16:53:00,606 : b'All rights reserved.'
SessionID[b'ODUwOA=='] 2019-04-02 16:53:00,607 : b'For info, please visit https://www.isc.org/software/dhcp/'
SessionID[b'ODUwOA=='] 2019-04-02 16:53:00,611 : b"Can't open /etc/dhcp/dhcpd.conf: No such file or directory"
SessionID[b'ODUwOA=='] 2019-04-02 16:53:00,613 : b''
SessionID[b'ODUwOA=='] 2019-04-02 16:53:00,614 : b'If you think you have received this message due to a bug rather'
SessionID[b'ODUwOA=='] 2019-04-02 16:53:00,615 : b'than a configuration issue please read the section on submitting'
SessionID[b'ODUwOA=='] 2019-04-02 16:53:00,616 : b'bugs on either our web page at www.isc.org or in the README file'
SessionID[b'ODUwOA=='] 2019-04-02 16:53:00,616 : b'before submitting a bug.  These pages explain the proper'
SessionID[b'ODUwOA=='] 2019-04-02 16:53:00,618 : b'process and the information we find helpful for debugging..'
SessionID[b'ODUwOA=='] 2019-04-02 16:53:00,620 : b''
SessionID[b'ODUwOA=='] 2019-04-02 16:53:00,621 : b'exiting.'
SessionID[b'OTE2Mzg='] 2019-04-02 16:54:15,723 : ---[ Start DHCP Tue Apr  2 16:54:15 2019]---
SessionID[b'OTE2Mzg='] 2019-04-02 16:54:15,769 : b'Internet Systems Consortium DHCP Server 4.3.5'
SessionID[b'OTE2Mzg='] 2019-04-02 16:54:15,770 : b'Copyright 2004-2016 Internet Systems Consortium.'
SessionID[b'OTE2Mzg='] 2019-04-02 16:54:15,772 : b'All rights reserved.'
SessionID[b'OTE2Mzg='] 2019-04-02 16:54:15,780 : b'For info, please visit https://www.isc.org/software/dhcp/'
SessionID[b'OTE2Mzg='] 2019-04-02 16:54:15,819 : b'Config file: /etc/dhcp/dhcpd.conf'
SessionID[b'OTE2Mzg='] 2019-04-02 16:54:15,820 : b'Database file: /var/lib/dhcp/dhcpd.leases'
SessionID[b'OTE2Mzg='] 2019-04-02 16:54:15,821 : b'PID file: /var/run/dhcpd.pid'
SessionID[b'OTE2Mzg='] 2019-04-02 16:54:15,823 : b'Wrote 0 leases to leases file.'
SessionID[b'OTE2Mzg='] 2019-04-02 16:54:19,015 : b'Listening on LPF/wlxc83a35cef744/bc:f6:85:21:26:0b/10.0.0.0/8'
SessionID[b'OTE2Mzg='] 2019-04-02 16:54:19,015 : b'Sending on   LPF/wlxc83a35cef744/bc:f6:85:21:26:0b/10.0.0.0/8'
SessionID[b'OTE2Mzg='] 2019-04-02 16:54:19,015 : b'Sending on   Socket/fallback/fallback-net'
SessionID[b'OTE2Mzg='] 2019-04-02 16:54:19,015 : b'Server starting service.'
SessionID[b'OTE2Mzg='] 2019-04-02 16:54:23,227 : b'DHCPDISCOVER from 04:b1:67:6e:c0:2a via wlxc83a35cef744'
SessionID[b'OTE2Mzg='] 2019-04-02 16:54:24,228 : b'DHCPOFFER on 10.0.0.20 to 04:b1:67:6e:c0:2a via wlxc83a35cef744'
SessionID[b'OTE2Mzg='] 2019-04-02 16:54:24,238 : b'DHCPREQUEST for 10.0.0.20 (10.0.0.1) from 04:b1:67:6e:c0:2a via wlxc83a35cef744'
SessionID[b'OTE2Mzg='] 2019-04-02 16:54:24,238 : b'DHCPACK on 10.0.0.20 to 04:b1:67:6e:c0:2a via wlxc83a35cef744'
SessionID[b'OTE2Mzg='] 2019-04-02 16:54:24,238 : b'reuse_lease: lease age 0 (secs) under 25% threshold, reply with unaltered, existing lease for 10.0.0.20'
SessionID[b'OTE2Mzg='] 2019-04-02 16:54:24,238 : b'DHCPREQUEST for 10.0.0.20 (10.0.0.1) from 04:b1:67:6e:c0:2a via wlxc83a35cef744'
SessionID[b'OTE2Mzg='] 2019-04-02 16:54:24,239 : b'DHCPACK on 10.0.0.20 to 04:b1:67:6e:c0:2a via wlxc83a35cef744'
