SessionID[] 2019-04-02 11:35:04,780 : b'Configuration file: core/config/hostapd/hostapd.conf\n'
SessionID[] 2019-04-02 11:35:05,083 : b'Using interface wlxc83a35cef744 with hwaddr bc:f6:85:21:26:0b and ssid "PumpAP"\n'
SessionID[] 2019-04-02 11:35:05,780 : b'wlxc83a35cef744: interface state UNINITIALIZED->ENABLED\nwlxc83a35cef744: AP-ENABLED \n'
SessionID[] 2019-04-02 11:36:20,178 : b'wlxc83a35cef744: STA 04:b1:67:6e:c0:2a IEEE 802.11: authenticated\n'
SessionID[] 2019-04-02 11:36:20,178 : b'wlxc83a35cef744: STA 04:b1:67:6e:c0:2a IEEE 802.11: associated (aid 1)\nwlxc83a35cef744: AP-STA-CONNECTED 04:b1:67:6e:c0:2a\nwlxc83a35cef744: STA 04:b1:67:6e:c0:2a RADIUS: starting accounting session 15B047466F24A54F\n'
SessionID[] 2019-04-02 11:36:56,478 : b'wlxc83a35cef744: AP-STA-DISCONNECTED 04:b1:67:6e:c0:2a\n'
SessionID[] 2019-04-02 11:36:59,386 : b'wlxc83a35cef744: STA 04:b1:67:6e:c0:2a IEEE 802.11: authenticated\n'
SessionID[] 2019-04-02 11:36:59,386 : b'wlxc83a35cef744: STA 04:b1:67:6e:c0:2a IEEE 802.11: associated (aid 1)\nwlxc83a35cef744: AP-STA-CONNECTED 04:b1:67:6e:c0:2a\nwlxc83a35cef744: STA 04:b1:67:6e:c0:2a RADIUS: starting accounting session 0695628432DE2448\n'
SessionID[] 2019-04-02 15:31:50,029 : b'Configuration file: core/config/hostapd/hostapd.conf\n'
SessionID[] 2019-04-02 15:31:50,885 : b'Using interface wlxc83a35cef744 with hwaddr bc:f6:85:21:26:0b and ssid "PumpAP"\n'
SessionID[] 2019-04-02 15:31:51,368 : b'wlxc83a35cef744: interface state UNINITIALIZED->ENABLED\nwlxc83a35cef744: AP-ENABLED \n'
SessionID[] 2019-04-02 15:33:59,518 : b'Configuration file: core/config/hostapd/hostapd.conf\n'
SessionID[] 2019-04-02 15:33:59,579 : b'Using interface wlxc83a35cef744 with hwaddr bc:f6:85:21:26:0b and ssid "PumpAP"\n'
SessionID[] 2019-04-02 15:34:00,071 : b'wlxc83a35cef744: interface state UNINITIALIZED->ENABLED\nwlxc83a35cef744: AP-ENABLED \n'
SessionID[] 2019-04-02 15:34:02,815 : b'wlxc83a35cef744: STA 04:b1:67:6e:c0:2a IEEE 802.11: authenticated\n'
SessionID[] 2019-04-02 15:34:02,823 : b'wlxc83a35cef744: STA 04:b1:67:6e:c0:2a IEEE 802.11: associated (aid 1)\n'
SessionID[] 2019-04-02 15:34:02,824 : b'wlxc83a35cef744: AP-STA-CONNECTED 04:b1:67:6e:c0:2a\nwlxc83a35cef744: STA 04:b1:67:6e:c0:2a RADIUS: starting accounting session 1E0CE95379EFA139\n'
SessionID[] 2019-04-02 15:37:25,456 : b'Configuration file: core/config/hostapd/hostapd.conf\n'
SessionID[] 2019-04-02 15:37:26,693 : b'Using interface wlxc83a35cef744 with hwaddr bc:f6:85:21:26:0b and ssid "PumpAP"\n'
SessionID[] 2019-04-02 15:37:27,175 : b'wlxc83a35cef744: interface state UNINITIALIZED->ENABLED\nwlxc83a35cef744: AP-ENABLED \n'
SessionID[] 2019-04-02 15:37:57,765 : b'wlxc83a35cef744: STA 04:b1:67:6e:c0:2a IEEE 802.11: authenticated\n'
SessionID[] 2019-04-02 15:37:57,765 : b'wlxc83a35cef744: STA 04:b1:67:6e:c0:2a IEEE 802.11: associated (aid 1)\nwlxc83a35cef744: AP-STA-CONNECTED 04:b1:67:6e:c0:2a\nwlxc83a35cef744: STA 04:b1:67:6e:c0:2a RADIUS: starting accounting session D5A34D55B83A6B8A\n'
SessionID[] 2019-04-02 15:43:41,404 : b'Configuration file: core/config/hostapd/hostapd.conf\n'
SessionID[] 2019-04-02 15:43:42,745 : b'Using interface wlxc83a35cef744 with hwaddr bc:f6:85:21:26:0b and ssid "PumpAP"\n'
SessionID[] 2019-04-02 15:43:42,946 : b'wlxc83a35cef744: interface state UNINITIALIZED->ENABLED\nwlxc83a35cef744: AP-ENABLED \n'
SessionID[] 2019-04-02 15:43:48,673 : b'wlxc83a35cef744: STA 04:b1:67:6e:c0:2a IEEE 802.11: authenticated\n'
SessionID[] 2019-04-02 15:43:48,674 : b'wlxc83a35cef744: STA 04:b1:67:6e:c0:2a IEEE 802.11: associated (aid 1)\nwlxc83a35cef744: AP-STA-CONNECTED 04:b1:67:6e:c0:2a\nwlxc83a35cef744: STA 04:b1:67:6e:c0:2a RADIUS: starting accounting session 4CFA454385007239\n'
SessionID[] 2019-04-02 15:46:25,291 : b'Configuration file: core/config/hostapd/hostapd.conf\n'
SessionID[] 2019-04-02 15:46:26,015 : b'Using interface wlxc83a35cef744 with hwaddr bc:f6:85:21:26:0b and ssid "PumpAP"\n'
SessionID[] 2019-04-02 15:46:26,640 : b'wlxc83a35cef744: interface state UNINITIALIZED->ENABLED\nwlxc83a35cef744: AP-ENABLED \n'
SessionID[] 2019-04-02 15:46:40,229 : b'wlxc83a35cef744: STA 04:b1:67:6e:c0:2a IEEE 802.11: authenticated\n'
SessionID[] 2019-04-02 15:46:40,230 : b'wlxc83a35cef744: STA 04:b1:67:6e:c0:2a IEEE 802.11: associated (aid 1)\nwlxc83a35cef744: AP-STA-CONNECTED 04:b1:67:6e:c0:2a\nwlxc83a35cef744: STA 04:b1:67:6e:c0:2a RADIUS: starting accounting session 403A41A8F5898C03\n'
SessionID[] 2019-04-02 15:47:48,225 : b'Configuration file: core/config/hostapd/hostapd.conf\n'
SessionID[] 2019-04-02 15:47:48,815 : b'Using interface wlxc83a35cef744 with hwaddr bc:f6:85:21:26:0b and ssid "PumpAP"\n'
SessionID[] 2019-04-02 15:47:49,362 : b'wlxc83a35cef744: interface state UNINITIALIZED->ENABLED\nwlxc83a35cef744: AP-ENABLED \n'
SessionID[] 2019-04-02 15:47:59,728 : b'wlxc83a35cef744: STA 04:b1:67:6e:c0:2a IEEE 802.11: authenticated\n'
SessionID[] 2019-04-02 15:47:59,748 : b'wlxc83a35cef744: STA 04:b1:67:6e:c0:2a IEEE 802.11: associated (aid 1)\n'
SessionID[] 2019-04-02 15:47:59,748 : b'wlxc83a35cef744: AP-STA-CONNECTED 04:b1:67:6e:c0:2a\nwlxc83a35cef744: STA 04:b1:67:6e:c0:2a RADIUS: starting accounting session A13925FEF0850B57\n'
SessionID[] 2019-04-02 15:50:00,499 : b'Configuration file: core/config/hostapd/hostapd.conf\n'
SessionID[] 2019-04-02 15:50:00,738 : b'Using interface wlxc83a35cef744 with hwaddr bc:f6:85:21:26:0b and ssid "PumpAP"\n'
SessionID[] 2019-04-02 15:50:01,209 : b'wlxc83a35cef744: interface state UNINITIALIZED->ENABLED\nwlxc83a35cef744: AP-ENABLED \n'
SessionID[] 2019-04-02 15:50:12,750 : b'wlxc83a35cef744: STA 04:b1:67:6e:c0:2a IEEE 802.11: authenticated\n'
SessionID[] 2019-04-02 15:50:12,751 : b'wlxc83a35cef744: STA 04:b1:67:6e:c0:2a IEEE 802.11: associated (aid 1)\nwlxc83a35cef744: AP-STA-CONNECTED 04:b1:67:6e:c0:2a\nwlxc83a35cef744: STA 04:b1:67:6e:c0:2a RADIUS: starting accounting session 6A613ED99DF267C9\n'
SessionID[] 2019-04-02 15:59:43,932 : b'Configuration file: core/config/hostapd/hostapd.conf\n'
SessionID[] 2019-04-02 15:59:44,702 : b'Using interface wlxc83a35cef744 with hwaddr bc:f6:85:21:26:0b and ssid "PumpAP"\n'
SessionID[] 2019-04-02 15:59:44,824 : b'wlxc83a35cef744: interface state UNINITIALIZED->ENABLED\nwlxc83a35cef744: AP-ENABLED \n'
SessionID[] 2019-04-02 16:00:02,275 : b'wlxc83a35cef744: STA 04:b1:67:6e:c0:2a IEEE 802.11: authenticated\n'
SessionID[] 2019-04-02 16:00:02,275 : b'wlxc83a35cef744: STA 04:b1:67:6e:c0:2a IEEE 802.11: associated (aid 1)\nwlxc83a35cef744: AP-STA-CONNECTED 04:b1:67:6e:c0:2a\nwlxc83a35cef744: STA 04:b1:67:6e:c0:2a RADIUS: starting accounting session 4078250F6E706F56\n'
SessionID[] 2019-04-02 16:01:49,118 : b'Configuration file: core/config/hostapd/hostapd.conf\n'
SessionID[] 2019-04-02 16:01:49,852 : b'Using interface wlxc83a35cef744 with hwaddr bc:f6:85:21:26:0b and ssid "PumpAP"\n'
SessionID[] 2019-04-02 16:01:50,442 : b'wlxc83a35cef744: interface state UNINITIALIZED->ENABLED\nwlxc83a35cef744: AP-ENABLED \n'
SessionID[] 2019-04-02 16:02:05,348 : b'wlxc83a35cef744: STA 04:b1:67:6e:c0:2a IEEE 802.11: authenticated\n'
SessionID[] 2019-04-02 16:02:05,348 : b'wlxc83a35cef744: STA 04:b1:67:6e:c0:2a IEEE 802.11: associated (aid 1)\nwlxc83a35cef744: AP-STA-CONNECTED 04:b1:67:6e:c0:2a\nwlxc83a35cef744: STA 04:b1:67:6e:c0:2a RADIUS: starting accounting session 86033A440A00C5E5\n'
SessionID[] 2019-04-02 16:02:41,583 : b'wlxc83a35cef744: AP-STA-DISCONNECTED 04:b1:67:6e:c0:2a\n'
SessionID[] 2019-04-02 16:02:45,413 : b'wlxc83a35cef744: STA 04:b1:67:6e:c0:2a IEEE 802.11: authenticated\n'
SessionID[] 2019-04-02 16:02:45,414 : b'wlxc83a35cef744: STA 04:b1:67:6e:c0:2a IEEE 802.11: associated (aid 1)\nwlxc83a35cef744: AP-STA-CONNECTED 04:b1:67:6e:c0:2a\nwlxc83a35cef744: STA 04:b1:67:6e:c0:2a RADIUS: starting accounting session 1B9264BD7C2D1FFE\n'
SessionID[] 2019-04-02 16:03:17,188 : b'Configuration file: core/config/hostapd/hostapd.conf\n'
SessionID[] 2019-04-02 16:03:18,965 : b'Using interface wlxc83a35cef744 with hwaddr bc:f6:85:21:26:0b and ssid "PumpAP"\n'
SessionID[] 2019-04-02 16:03:19,074 : b'wlxc83a35cef744: interface state UNINITIALIZED->ENABLED\nwlxc83a35cef744: AP-ENABLED \n'
SessionID[] 2019-04-02 16:03:32,950 : b'wlxc83a35cef744: STA 04:b1:67:6e:c0:2a IEEE 802.11: authenticated\n'
SessionID[] 2019-04-02 16:03:32,951 : b'wlxc83a35cef744: STA 04:b1:67:6e:c0:2a IEEE 802.11: associated (aid 1)\nwlxc83a35cef744: AP-STA-CONNECTED 04:b1:67:6e:c0:2a\nwlxc83a35cef744: STA 04:b1:67:6e:c0:2a RADIUS: starting accounting session 11DB103B7BCD4AD1\n'
SessionID[] 2019-04-02 16:03:54,460 : b'wlxc83a35cef744: AP-STA-DISCONNECTED 04:b1:67:6e:c0:2a\n'
SessionID[] 2019-04-02 16:07:13,672 : b'Configuration file: core/config/hostapd/hostapd.conf\n'
SessionID[] 2019-04-02 16:07:13,823 : b'Using interface wlxc83a35cef744 with hwaddr bc:f6:85:21:26:0b and ssid "PumpAP"\n'
SessionID[] 2019-04-02 16:07:14,480 : b'wlxc83a35cef744: interface state UNINITIALIZED->ENABLED\nwlxc83a35cef744: AP-ENABLED \n'
SessionID[] 2019-04-02 16:07:22,556 : b'wlxc83a35cef744: STA 04:b1:67:6e:c0:2a IEEE 802.11: authenticated\n'
SessionID[] 2019-04-02 16:07:22,556 : b'wlxc83a35cef744: STA 04:b1:67:6e:c0:2a IEEE 802.11: associated (aid 1)\nwlxc83a35cef744: AP-STA-CONNECTED 04:b1:67:6e:c0:2a\nwlxc83a35cef744: STA 04:b1:67:6e:c0:2a RADIUS: starting accounting session 7614E81D376C15AE\n'
SessionID[] 2019-04-02 16:11:05,092 : b'Configuration file: core/config/hostapd/hostapd.conf\n'
SessionID[] 2019-04-02 16:11:06,132 : b'Using interface wlxc83a35cef744 with hwaddr bc:f6:85:21:26:0b and ssid "PumpAP"\n'
SessionID[] 2019-04-02 16:11:06,648 : b'wlxc83a35cef744: interface state UNINITIALIZED->ENABLED\nwlxc83a35cef744: AP-ENABLED \n'
SessionID[] 2019-04-02 16:11:14,074 : b'wlxc83a35cef744: STA 04:b1:67:6e:c0:2a IEEE 802.11: authenticated\n'
SessionID[] 2019-04-02 16:11:14,074 : b'wlxc83a35cef744: STA 04:b1:67:6e:c0:2a IEEE 802.11: associated (aid 1)\nwlxc83a35cef744: AP-STA-CONNECTED 04:b1:67:6e:c0:2a\nwlxc83a35cef744: STA 04:b1:67:6e:c0:2a RADIUS: starting accounting session 081AA01E2CB79AC3\n'
SessionID[] 2019-04-02 16:11:34,480 : b'wlxc83a35cef744: AP-STA-DISCONNECTED 04:b1:67:6e:c0:2a\n'
SessionID[] 2019-04-02 16:18:02,630 : b'Configuration file: core/config/hostapd/hostapd.conf\n'
SessionID[] 2019-04-02 16:18:03,592 : b'Using interface wlxc83a35cef744 with hwaddr bc:f6:85:21:26:0b and ssid "PumpAP"\n'
SessionID[] 2019-04-02 16:18:04,046 : b'wlxc83a35cef744: interface state UNINITIALIZED->ENABLED\nwlxc83a35cef744: AP-ENABLED \n'
SessionID[] 2019-04-02 16:19:02,022 : b'wlxc83a35cef744: STA 04:b1:67:6e:c0:2a IEEE 802.11: authenticated\n'
SessionID[] 2019-04-02 16:19:02,023 : b'wlxc83a35cef744: STA 04:b1:67:6e:c0:2a IEEE 802.11: associated (aid 1)\nwlxc83a35cef744: AP-STA-CONNECTED 04:b1:67:6e:c0:2a\nwlxc83a35cef744: STA 04:b1:67:6e:c0:2a RADIUS: starting accounting session F4F55B3759FC93CE\n'
SessionID[] 2019-04-02 16:19:05,177 : b'wlxc83a35cef744: AP-STA-DISCONNECTED 04:b1:67:6e:c0:2a\n'
SessionID[] 2019-04-02 16:19:12,448 : b'wlxc83a35cef744: STA 04:b1:67:6e:c0:2a IEEE 802.11: authenticated\n'
SessionID[] 2019-04-02 16:19:12,449 : b'wlxc83a35cef744: STA 04:b1:67:6e:c0:2a IEEE 802.11: associated (aid 1)\nwlxc83a35cef744: AP-STA-CONNECTED 04:b1:67:6e:c0:2a\nwlxc83a35cef744: STA 04:b1:67:6e:c0:2a RADIUS: starting accounting session 5A86B02A40AC58A0\n'
SessionID[] 2019-04-02 16:23:31,729 : b'Configuration file: core/config/hostapd/hostapd.conf\n'
SessionID[] 2019-04-02 16:23:32,428 : b'Using interface wlxc83a35cef744 with hwaddr bc:f6:85:21:26:0b and ssid "PumpAP"\n'
SessionID[] 2019-04-02 16:23:32,907 : b'wlxc83a35cef744: interface state UNINITIALIZED->ENABLED\nwlxc83a35cef744: AP-ENABLED \n'
SessionID[] 2019-04-02 16:25:20,989 : b'Configuration file: core/config/hostapd/hostapd.conf\n'
SessionID[] 2019-04-02 16:25:21,366 : b'Using interface wlxc83a35cef744 with hwaddr bc:f6:85:21:26:0b and ssid "PumpAP"\n'
SessionID[] 2019-04-02 16:25:22,100 : b'wlxc83a35cef744: interface state UNINITIALIZED->ENABLED\nwlxc83a35cef744: AP-ENABLED \n'
SessionID[] 2019-04-02 16:26:44,833 : b'Configuration file: core/config/hostapd/hostapd.conf\n'
SessionID[] 2019-04-02 16:28:24,363 : b'Configuration file: core/config/hostapd/hostapd.conf\n'
SessionID[] 2019-04-02 16:28:25,376 : b'Using interface wlxc83a35cef744 with hwaddr bc:f6:85:21:26:0b and ssid "PumpAP"\n'
SessionID[] 2019-04-02 16:28:25,995 : b'wlxc83a35cef744: interface state UNINITIALIZED->ENABLED\nwlxc83a35cef744: AP-ENABLED \n'
SessionID[] 2019-04-02 16:28:38,827 : b'wlxc83a35cef744: STA 04:b1:67:6e:c0:2a IEEE 802.11: authenticated\n'
SessionID[] 2019-04-02 16:28:38,834 : b'wlxc83a35cef744: STA 04:b1:67:6e:c0:2a IEEE 802.11: associated (aid 1)\n'
SessionID[] 2019-04-02 16:28:38,834 : b'wlxc83a35cef744: AP-STA-CONNECTED 04:b1:67:6e:c0:2a\nwlxc83a35cef744: STA 04:b1:67:6e:c0:2a RADIUS: starting accounting session A9618B4EAED14566\n'
SessionID[] 2019-04-02 16:29:07,302 : b'wlxc83a35cef744: AP-STA-DISCONNECTED 04:b1:67:6e:c0:2a\n'
SessionID[] 2019-04-02 16:30:05,717 : b'Configuration file: core/config/hostapd/hostapd.conf\n'
SessionID[] 2019-04-02 16:30:07,830 : b'Using interface wlxc83a35cef744 with hwaddr bc:f6:85:21:26:0b and ssid "PumpAP"\n'
SessionID[] 2019-04-02 16:30:07,946 : b'wlxc83a35cef744: interface state UNINITIALIZED->ENABLED\nwlxc83a35cef744: AP-ENABLED \n'
SessionID[] 2019-04-02 16:40:50,161 : b'Configuration file: core/config/hostapd/hostapd.conf\n'
SessionID[] 2019-04-02 16:40:50,643 : b'Using interface wlxc83a35cef744 with hwaddr bc:f6:85:21:26:0b and ssid "PumpAP"\n'
SessionID[] 2019-04-02 16:40:51,505 : b'wlxc83a35cef744: interface state UNINITIALIZED->ENABLED\nwlxc83a35cef744: AP-ENABLED \n'
SessionID[] 2019-04-02 16:40:57,973 : b'wlxc83a35cef744: STA 04:b1:67:6e:c0:2a IEEE 802.11: authenticated\n'
SessionID[] 2019-04-02 16:40:57,979 : b'wlxc83a35cef744: STA 04:b1:67:6e:c0:2a IEEE 802.11: associated (aid 1)\n'
SessionID[] 2019-04-02 16:40:57,980 : b'wlxc83a35cef744: AP-STA-CONNECTED 04:b1:67:6e:c0:2a\nwlxc83a35cef744: STA 04:b1:67:6e:c0:2a RADIUS: starting accounting session A011AC6153349A98\n'
SessionID[] 2019-04-02 16:41:34,196 : b'wlxc83a35cef744: AP-STA-DISCONNECTED 04:b1:67:6e:c0:2a\n'
SessionID[] 2019-04-02 16:41:37,283 : b'wlxc83a35cef744: STA 04:b1:67:6e:c0:2a IEEE 802.11: authenticated\n'
SessionID[] 2019-04-02 16:41:37,295 : b'wlxc83a35cef744: STA 04:b1:67:6e:c0:2a IEEE 802.11: associated (aid 1)\n'
SessionID[] 2019-04-02 16:41:37,295 : b'wlxc83a35cef744: AP-STA-CONNECTED 04:b1:67:6e:c0:2a\nwlxc83a35cef744: STA 04:b1:67:6e:c0:2a RADIUS: starting accounting session 31EF6047394B7AAA\n'
SessionID[] 2019-04-02 16:44:09,596 : b'Configuration file: core/config/hostapd/hostapd.conf\n'
SessionID[] 2019-04-02 16:44:09,798 : b'Using interface wlxc83a35cef744 with hwaddr bc:f6:85:21:26:0b and ssid "PumpAP"\n'
SessionID[] 2019-04-02 16:44:10,309 : b'wlxc83a35cef744: interface state UNINITIALIZED->ENABLED\nwlxc83a35cef744: AP-ENABLED \n'
SessionID[] 2019-04-02 16:46:07,160 : b'Configuration file: core/config/hostapd/hostapd.conf\n'
SessionID[] 2019-04-02 16:46:07,309 : b'Using interface wlxc83a35cef744 with hwaddr bc:f6:85:21:26:0b and ssid "PumpAP"\n'
SessionID[] 2019-04-02 16:46:07,870 : b'wlxc83a35cef744: interface state UNINITIALIZED->ENABLED\nwlxc83a35cef744: AP-ENABLED \n'
SessionID[] 2019-04-02 16:53:03,511 : b'Configuration file: core/config/hostapd/hostapd.conf\n'
SessionID[] 2019-04-02 16:53:04,438 : b'Using interface wlxc83a35cef744 with hwaddr bc:f6:85:21:26:0b and ssid "PumpAP"\n'
SessionID[] 2019-04-02 16:53:04,592 : b'wlxc83a35cef744: interface state UNINITIALIZED->ENABLED\nwlxc83a35cef744: AP-ENABLED \n'
SessionID[] 2019-04-02 16:54:18,694 : b'Configuration file: core/config/hostapd/hostapd.conf\n'
SessionID[] 2019-04-02 16:54:19,428 : b'Using interface wlxc83a35cef744 with hwaddr bc:f6:85:21:26:0b and ssid "PumpAP"\n'
SessionID[] 2019-04-02 16:54:19,517 : b'wlxc83a35cef744: interface state UNINITIALIZED->ENABLED\nwlxc83a35cef744: AP-ENABLED \n'
SessionID[] 2019-04-02 16:54:23,030 : b'wlxc83a35cef744: STA 04:b1:67:6e:c0:2a IEEE 802.11: authenticated\n'
SessionID[] 2019-04-02 16:54:23,030 : b'wlxc83a35cef744: STA 04:b1:67:6e:c0:2a IEEE 802.11: associated (aid 1)\nwlxc83a35cef744: AP-STA-CONNECTED 04:b1:67:6e:c0:2a\n'
SessionID[] 2019-04-02 16:54:23,030 : b'wlxc83a35cef744: STA 04:b1:67:6e:c0:2a RADIUS: starting accounting session 6D68536E3E7777E9\n'
SessionID[] 2019-04-02 17:59:06,652 : b'Configuration file: core/config/hostapd/hostapd.conf\n'
SessionID[] 2019-04-02 17:59:10,199 : b'Using interface wlxc83a35cef744 with hwaddr bc:f6:85:21:26:0b and ssid "PumpAP"\n'
SessionID[] 2019-04-02 17:59:10,998 : b'wlxc83a35cef744: interface state UNINITIALIZED->ENABLED\nwlxc83a35cef744: AP-ENABLED \n'
SessionID[] 2019-04-02 18:00:11,574 : b'Configuration file: core/config/hostapd/hostapd.conf\n'
SessionID[] 2019-04-02 18:00:13,477 : b'Using interface wlxc83a35cef744 with hwaddr bc:f6:85:21:26:0b and ssid "PumpAP"\n'
SessionID[] 2019-04-02 18:00:13,591 : b'wlxc83a35cef744: interface state UNINITIALIZED->ENABLED\nwlxc83a35cef744: AP-ENABLED \n'
SessionID[] 2019-04-02 18:01:34,455 : b'Configuration file: core/config/hostapd/hostapd.conf\n'
SessionID[] 2019-04-02 18:01:35,083 : b'Using interface wlxc83a35cef744 with hwaddr bc:f6:85:21:26:0b and ssid "PumpAP"\n'
SessionID[] 2019-04-02 18:01:35,187 : b'wlxc83a35cef744: interface state UNINITIALIZED->ENABLED\nwlxc83a35cef744: AP-ENABLED \n'
SessionID[] 2019-04-02 18:02:48,446 : b'Configuration file: core/config/hostapd/hostapd.conf\n'
SessionID[] 2019-04-02 18:02:50,942 : b'Using interface wlxc83a35cef744 with hwaddr bc:f6:85:21:26:0b and ssid "PumpAP"\n'
SessionID[] 2019-04-02 18:02:51,706 : b'wlxc83a35cef744: interface state UNINITIALIZED->ENABLED\nwlxc83a35cef744: AP-ENABLED \n'
SessionID[] 2019-04-02 18:04:10,148 : b'Configuration file: core/config/hostapd/hostapd.conf\n'
SessionID[] 2019-04-02 18:04:12,301 : b'Using interface wlxc83a35cef744 with hwaddr bc:f6:85:21:26:0b and ssid "PumpAP"\n'
SessionID[] 2019-04-02 18:04:12,466 : b'wlxc83a35cef744: interface state UNINITIALIZED->ENABLED\nwlxc83a35cef744: AP-ENABLED \n'
SessionID[] 2019-04-02 18:05:46,538 : b'Configuration file: core/config/hostapd/hostapd.conf\nUsing interface wlxc83a35cef744 with hwaddr bc:f6:85:21:26:0b and ssid "PumpAP"\n'
SessionID[] 2019-04-02 18:05:46,556 : b'wlxc83a35cef744: interface state UNINITIALIZED->ENABLED\nwlxc83a35cef744: AP-ENABLED \n'
SessionID[] 2019-04-02 18:07:50,427 : b'Configuration file: core/config/hostapd/hostapd.conf\n'
SessionID[] 2019-04-02 18:07:52,267 : b'Using interface wlxc83a35cef744 with hwaddr bc:f6:85:21:26:0b and ssid "PumpAP"\n'
SessionID[] 2019-04-02 18:07:52,382 : b'wlxc83a35cef744: interface state UNINITIALIZED->ENABLED\nwlxc83a35cef744: AP-ENABLED \n'
SessionID[] 2019-04-02 18:08:55,964 : b'Configuration file: core/config/hostapd/hostapd.conf\n'
SessionID[b'NzQ2Nzg='] 2019-04-02 18:08:55,964 : b'Configuration file: core/config/hostapd/hostapd.conf\n'
SessionID[] 2019-04-02 18:08:57,787 : b'Using interface wlxc83a35cef744 with hwaddr bc:f6:85:21:26:0b and ssid "PumpAP"\n'
SessionID[b'NzQ2Nzg='] 2019-04-02 18:08:57,787 : b'Using interface wlxc83a35cef744 with hwaddr bc:f6:85:21:26:0b and ssid "PumpAP"\n'
SessionID[] 2019-04-02 18:08:57,889 : b'wlxc83a35cef744: interface state UNINITIALIZED->ENABLED\nwlxc83a35cef744: AP-ENABLED \n'
SessionID[b'NzQ2Nzg='] 2019-04-02 18:08:57,889 : b'wlxc83a35cef744: interface state UNINITIALIZED->ENABLED\nwlxc83a35cef744: AP-ENABLED \n'
SessionID[] 2019-04-02 18:09:03,520 : b'wlxc83a35cef744: STA 04:b1:67:6e:c0:2a IEEE 802.11: authenticated\n'
SessionID[b'NzQ2Nzg='] 2019-04-02 18:09:03,520 : b'wlxc83a35cef744: STA 04:b1:67:6e:c0:2a IEEE 802.11: authenticated\n'
SessionID[] 2019-04-02 18:09:03,520 : b'wlxc83a35cef744: STA 04:b1:67:6e:c0:2a IEEE 802.11: associated (aid 1)\nwlxc83a35cef744: AP-STA-CONNECTED 04:b1:67:6e:c0:2a\nwlxc83a35cef744: STA 04:b1:67:6e:c0:2a RADIUS: starting accounting session 8E32A2EE2AF5A619\n'
SessionID[b'NzQ2Nzg='] 2019-04-02 18:09:03,520 : b'wlxc83a35cef744: STA 04:b1:67:6e:c0:2a IEEE 802.11: associated (aid 1)\nwlxc83a35cef744: AP-STA-CONNECTED 04:b1:67:6e:c0:2a\nwlxc83a35cef744: STA 04:b1:67:6e:c0:2a RADIUS: starting accounting session 8E32A2EE2AF5A619\n'
SessionID[] 2019-04-02 18:09:26,858 : b'wlxc83a35cef744: AP-STA-DISCONNECTED 04:b1:67:6e:c0:2a\n'
SessionID[b'NzQ2Nzg='] 2019-04-02 18:09:26,858 : b'wlxc83a35cef744: AP-STA-DISCONNECTED 04:b1:67:6e:c0:2a\n'
SessionID[] 2019-04-02 18:09:31,102 : b'wlxc83a35cef744: STA 04:b1:67:6e:c0:2a IEEE 802.11: authenticated\n'
SessionID[b'NzQ2Nzg='] 2019-04-02 18:09:31,102 : b'wlxc83a35cef744: STA 04:b1:67:6e:c0:2a IEEE 802.11: authenticated\n'
SessionID[] 2019-04-02 18:09:31,117 : b'wlxc83a35cef744: STA 04:b1:67:6e:c0:2a IEEE 802.11: associated (aid 1)\n'
SessionID[b'NzQ2Nzg='] 2019-04-02 18:09:31,117 : b'wlxc83a35cef744: STA 04:b1:67:6e:c0:2a IEEE 802.11: associated (aid 1)\n'
SessionID[] 2019-04-02 18:09:31,117 : b'wlxc83a35cef744: AP-STA-CONNECTED 04:b1:67:6e:c0:2a\nwlxc83a35cef744: STA 04:b1:67:6e:c0:2a RADIUS: starting accounting session 44F585AB5E07F94B\n'
SessionID[b'NzQ2Nzg='] 2019-04-02 18:09:31,117 : b'wlxc83a35cef744: AP-STA-CONNECTED 04:b1:67:6e:c0:2a\nwlxc83a35cef744: STA 04:b1:67:6e:c0:2a RADIUS: starting accounting session 44F585AB5E07F94B\n'
SessionID[] 2019-04-03 09:49:45,964 : b'Configuration file: core/config/hostapd/hostapd.conf\n'
SessionID[] 2019-04-03 09:49:47,795 : b'Using interface wlxc83a35cef744 with hwaddr bc:f6:85:21:26:0b and ssid "PumpAP"\n'
SessionID[] 2019-04-03 09:49:47,904 : b'wlxc83a35cef744: interface state UNINITIALIZED->ENABLED\nwlxc83a35cef744: AP-ENABLED \n'
SessionID[] 2019-04-03 09:51:47,389 : b'Configuration file: core/config/hostapd/hostapd.conf\n'
SessionID[] 2019-04-03 09:51:48,954 : b'Using interface wlxc83a35cef744 with hwaddr bc:f6:85:21:26:0b and ssid "PumpAP"\n'
SessionID[] 2019-04-03 09:51:49,474 : b'wlxc83a35cef744: interface state UNINITIALIZED->ENABLED\nwlxc83a35cef744: AP-ENABLED \n'
SessionID[] 2019-04-03 09:51:55,894 : b'wlxc83a35cef744: STA 04:b1:67:6e:c0:2a IEEE 802.11: authenticated\n'
SessionID[] 2019-04-03 09:51:55,911 : b'wlxc83a35cef744: STA 04:b1:67:6e:c0:2a IEEE 802.11: associated (aid 1)\n'
SessionID[] 2019-04-03 09:51:55,912 : b'wlxc83a35cef744: AP-STA-CONNECTED 04:b1:67:6e:c0:2a\nwlxc83a35cef744: STA 04:b1:67:6e:c0:2a RADIUS: starting accounting session 738D34E8E3F7232B\n'
SessionID[] 2019-04-03 09:52:15,444 : b'wlxc83a35cef744: AP-STA-DISCONNECTED 04:b1:67:6e:c0:2a\n'
SessionID[] 2019-04-03 09:52:21,485 : b'wlxc83a35cef744: STA 04:b1:67:6e:c0:2a IEEE 802.11: authenticated\n'
SessionID[] 2019-04-03 09:52:21,485 : b'wlxc83a35cef744: STA 04:b1:67:6e:c0:2a IEEE 802.11: associated (aid 1)\nwlxc83a35cef744: AP-STA-CONNECTED 04:b1:67:6e:c0:2a\nwlxc83a35cef744: STA 04:b1:67:6e:c0:2a RADIUS: starting accounting session BCB612B0879FB50C\n'
SessionID[] 2019-04-03 09:57:26,627 : b'Configuration file: core/config/hostapd/hostapd.conf\n'
SessionID[] 2019-04-03 09:57:28,089 : b'Using interface wlxc83a35cef744 with hwaddr bc:f6:85:21:26:0b and ssid "PumpAP"\n'
SessionID[] 2019-04-03 09:57:28,285 : b'wlxc83a35cef744: interface state UNINITIALIZED->ENABLED\nwlxc83a35cef744: AP-ENABLED \n'
SessionID[] 2019-04-03 09:57:37,213 : b'wlxc83a35cef744: STA 04:b1:67:6e:c0:2a IEEE 802.11: authenticated\n'
SessionID[] 2019-04-03 09:57:37,223 : b'wlxc83a35cef744: STA 04:b1:67:6e:c0:2a IEEE 802.11: associated (aid 1)\n'
SessionID[] 2019-04-03 09:57:37,224 : b'wlxc83a35cef744: AP-STA-CONNECTED 04:b1:67:6e:c0:2a\nwlxc83a35cef744: STA 04:b1:67:6e:c0:2a RADIUS: starting accounting session E7C2412B7DAB876A\n'
SessionID[] 2019-04-03 09:59:11,523 : b'Configuration file: core/config/hostapd/hostapd.conf\n'
SessionID[] 2019-04-03 09:59:12,036 : b'Using interface wlxc83a35cef744 with hwaddr bc:f6:85:21:26:0b and ssid "PumpAP"\n'
SessionID[] 2019-04-03 09:59:12,138 : b'wlxc83a35cef744: interface state UNINITIALIZED->ENABLED\nwlxc83a35cef744: AP-ENABLED \n'
SessionID[] 2019-04-03 09:59:17,116 : b'wlxc83a35cef744: STA 04:b1:67:6e:c0:2a IEEE 802.11: authenticated\n'
SessionID[] 2019-04-03 09:59:17,117 : b'wlxc83a35cef744: STA 04:b1:67:6e:c0:2a IEEE 802.11: associated (aid 1)\nwlxc83a35cef744: AP-STA-CONNECTED 04:b1:67:6e:c0:2a\nwlxc83a35cef744: STA 04:b1:67:6e:c0:2a RADIUS: starting accounting session AF4B20A9D98FE497\n'
SessionID[] 2019-04-03 09:59:59,652 : b'Configuration file: core/config/hostapd/hostapd.conf\n'
SessionID[] 2019-04-03 10:00:01,254 : b'Using interface wlxc83a35cef744 with hwaddr bc:f6:85:21:26:0b and ssid "PumpAP"\n'
SessionID[] 2019-04-03 10:00:01,382 : b'wlxc83a35cef744: interface state UNINITIALIZED->ENABLED\nwlxc83a35cef744: AP-ENABLED \n'
SessionID[] 2019-04-03 10:00:11,883 : b'wlxc83a35cef744: STA 04:b1:67:6e:c0:2a IEEE 802.11: authenticated\n'
SessionID[] 2019-04-03 10:00:11,883 : b'wlxc83a35cef744: STA 04:b1:67:6e:c0:2a IEEE 802.11: associated (aid 1)\nwlxc83a35cef744: AP-STA-CONNECTED 04:b1:67:6e:c0:2a\nwlxc83a35cef744: STA 04:b1:67:6e:c0:2a RADIUS: starting accounting session 6E24C6AB2041B207\n'
SessionID[] 2019-04-03 13:08:10,934 : b'Configuration file: core/config/hostapd/hostapd.conf\n'
SessionID[] 2019-04-03 13:08:11,792 : b'Using interface wlxc83a35cef744 with hwaddr bc:f6:85:21:26:0b and ssid "PumpAP"\n'
SessionID[] 2019-04-03 13:08:12,299 : b'wlxc83a35cef744: interface state UNINITIALIZED->ENABLED\nwlxc83a35cef744: AP-ENABLED \n'
SessionID[] 2019-04-03 13:08:23,492 : b'wlxc83a35cef744: STA 04:b1:67:6e:c0:2a IEEE 802.11: authenticated\n'
SessionID[] 2019-04-03 13:08:23,493 : b'wlxc83a35cef744: STA 04:b1:67:6e:c0:2a IEEE 802.11: associated (aid 1)\nwlxc83a35cef744: AP-STA-CONNECTED 04:b1:67:6e:c0:2a\nwlxc83a35cef744: STA 04:b1:67:6e:c0:2a RADIUS: starting accounting session C03195DC8F7D5F94\n'
SessionID[] 2019-04-03 13:09:14,744 : b'Configuration file: core/config/hostapd/hostapd.conf\n'
SessionID[] 2019-04-03 13:09:15,797 : b'Using interface wlxc83a35cef744 with hwaddr bc:f6:85:21:26:0b and ssid "PumpAP"\n'
SessionID[] 2019-04-03 13:09:16,291 : b'wlxc83a35cef744: interface state UNINITIALIZED->ENABLED\nwlxc83a35cef744: AP-ENABLED \n'
SessionID[] 2019-04-03 13:09:27,025 : b'wlxc83a35cef744: STA 04:b1:67:6e:c0:2a IEEE 802.11: authenticated\n'
SessionID[] 2019-04-03 13:09:27,026 : b'wlxc83a35cef744: STA 04:b1:67:6e:c0:2a IEEE 802.11: associated (aid 1)\nwlxc83a35cef744: AP-STA-CONNECTED 04:b1:67:6e:c0:2a\nwlxc83a35cef744: STA 04:b1:67:6e:c0:2a RADIUS: starting accounting session 759A7F5C7737B3D7\n'
SessionID[] 2019-04-03 13:10:05,093 : b'Configuration file: core/config/hostapd/hostapd.conf\nUsing interface wlxc83a35cef744 with hwaddr bc:f6:85:21:26:0b and ssid "PumpAP"\nwlxc83a35cef744: interface state UNINITIALIZED->ENABLED\nwlxc83a35cef744: AP-ENABLED \n'
SessionID[] 2019-04-03 13:10:08,070 : b'wlxc83a35cef744: STA 04:b1:67:6e:c0:2a IEEE 802.11: authenticated\n'
SessionID[] 2019-04-03 13:10:08,071 : b'wlxc83a35cef744: STA 04:b1:67:6e:c0:2a IEEE 802.11: associated (aid 1)\nwlxc83a35cef744: AP-STA-CONNECTED 04:b1:67:6e:c0:2a\nwlxc83a35cef744: STA 04:b1:67:6e:c0:2a RADIUS: starting accounting session 4643BBF7DE4ACDC4\n'
SessionID[] 2019-04-03 13:13:29,573 : b'Configuration file: core/config/hostapd/hostapd.conf\nUsing interface wlxc83a35cef744 with hwaddr bc:f6:85:21:26:0b and ssid "PumpAP"\nwlxc83a35cef744: interface state UNINITIALIZED->ENABLED\nwlxc83a35cef744: AP-ENABLED \n'
SessionID[] 2019-04-03 13:13:38,495 : b'wlxc83a35cef744: STA 04:b1:67:6e:c0:2a IEEE 802.11: authenticated\n'
SessionID[] 2019-04-03 13:13:38,495 : b'wlxc83a35cef744: STA 04:b1:67:6e:c0:2a IEEE 802.11: associated (aid 1)\nwlxc83a35cef744: AP-STA-CONNECTED 04:b1:67:6e:c0:2a\nwlxc83a35cef744: STA 04:b1:67:6e:c0:2a RADIUS: starting accounting session AF75CC0724B1EF58\n'
SessionID[] 2019-04-03 13:14:55,984 : b'Configuration file: core/config/hostapd/hostapd.conf\nUsing interface wlxc83a35cef744 with hwaddr bc:f6:85:21:26:0b and ssid "PumpAP"\n'
SessionID[] 2019-04-03 13:14:56,016 : b'wlxc83a35cef744: interface state UNINITIALIZED->ENABLED\nwlxc83a35cef744: AP-ENABLED \n'
SessionID[] 2019-04-03 13:15:15,483 : b'wlxc83a35cef744: STA 04:b1:67:6e:c0:2a IEEE 802.11: authenticated\n'
SessionID[] 2019-04-03 13:15:15,483 : b'wlxc83a35cef744: STA 04:b1:67:6e:c0:2a IEEE 802.11: associated (aid 1)\nwlxc83a35cef744: AP-STA-CONNECTED 04:b1:67:6e:c0:2a\nwlxc83a35cef744: STA 04:b1:67:6e:c0:2a RADIUS: starting accounting session 091371322C9B29E7\n'
SessionID[] 2019-04-03 13:16:05,104 : b'Configuration file: core/config/hostapd/hostapd.conf\nUsing interface wlxc83a35cef744 with hwaddr bc:f6:85:21:26:0b and ssid "PumpAP"\n'
SessionID[] 2019-04-03 13:16:05,160 : b'wlxc83a35cef744: interface state UNINITIALIZED->ENABLED\nwlxc83a35cef744: AP-ENABLED \n'
SessionID[] 2019-04-03 13:16:26,727 : b'wlxc83a35cef744: STA 04:b1:67:6e:c0:2a IEEE 802.11: authenticated\n'
SessionID[] 2019-04-03 13:16:26,740 : b'wlxc83a35cef744: STA 04:b1:67:6e:c0:2a IEEE 802.11: associated (aid 1)\n'
SessionID[] 2019-04-03 13:16:26,741 : b'wlxc83a35cef744: AP-STA-CONNECTED 04:b1:67:6e:c0:2a\nwlxc83a35cef744: STA 04:b1:67:6e:c0:2a RADIUS: starting accounting session DE3A3C3BE22EB34A\n'
SessionID[] 2019-04-03 13:17:31,775 : b'Configuration file: core/config/hostapd/hostapd.conf\nUsing interface wlxc83a35cef744 with hwaddr bc:f6:85:21:26:0b and ssid "PumpAP"\nwlxc83a35cef744: interface state UNINITIALIZED->ENABLED\nwlxc83a35cef744: AP-ENABLED \n'
SessionID[] 2019-04-03 13:17:43,203 : b'wlxc83a35cef744: STA 04:b1:67:6e:c0:2a IEEE 802.11: authenticated\n'
SessionID[] 2019-04-03 13:17:43,203 : b'wlxc83a35cef744: STA 04:b1:67:6e:c0:2a IEEE 802.11: associated (aid 1)\nwlxc83a35cef744: AP-STA-CONNECTED 04:b1:67:6e:c0:2a\nwlxc83a35cef744: STA 04:b1:67:6e:c0:2a RADIUS: starting accounting session D3C5A784094D40F0\n'
SessionID[] 2019-04-03 13:25:33,884 : b'Configuration file: core/config/hostapd/hostapd.conf\nUsing interface wlxc83a35cef744 with hwaddr bc:f6:85:21:26:0b and ssid "PumpAP"\nwlxc83a35cef744: interface state UNINITIALIZED->ENABLED\nwlxc83a35cef744: AP-ENABLED \n'
SessionID[] 2019-04-03 13:25:43,081 : b'wlxc83a35cef744: STA 04:b1:67:6e:c0:2a IEEE 802.11: authenticated\n'
SessionID[] 2019-04-03 13:25:43,081 : b'wlxc83a35cef744: STA 04:b1:67:6e:c0:2a IEEE 802.11: associated (aid 1)\nwlxc83a35cef744: AP-STA-CONNECTED 04:b1:67:6e:c0:2a\nwlxc83a35cef744: STA 04:b1:67:6e:c0:2a RADIUS: starting accounting session B74FCB97F126FB37\n'
SessionID[] 2019-04-03 13:25:56,327 : b'wlxc83a35cef744: AP-STA-DISCONNECTED 04:b1:67:6e:c0:2a\n'
SessionID[] 2019-04-03 13:26:01,288 : b'wlxc83a35cef744: STA 04:b1:67:6e:c0:2a IEEE 802.11: authenticated\n'
SessionID[] 2019-04-03 13:26:01,288 : b'wlxc83a35cef744: STA 04:b1:67:6e:c0:2a IEEE 802.11: associated (aid 1)\nwlxc83a35cef744: AP-STA-CONNECTED 04:b1:67:6e:c0:2a\n'
SessionID[] 2019-04-03 13:26:01,290 : b'wlxc83a35cef744: STA 04:b1:67:6e:c0:2a RADIUS: starting accounting session 4E32AB41963A7230\n'
SessionID[] 2019-04-03 13:26:26,154 : b'wlxc83a35cef744: AP-STA-DISCONNECTED 04:b1:67:6e:c0:2a\n'
SessionID[] 2019-04-03 13:26:46,981 : b'wlxc83a35cef744: STA 04:b1:67:6e:c0:2a IEEE 802.11: authenticated\n'
SessionID[] 2019-04-03 13:26:46,981 : b'wlxc83a35cef744: STA 04:b1:67:6e:c0:2a IEEE 802.11: associated (aid 1)\nwlxc83a35cef744: AP-STA-CONNECTED 04:b1:67:6e:c0:2a\nwlxc83a35cef744: STA 04:b1:67:6e:c0:2a RADIUS: starting accounting session 872345BFD0EF7C3B\n'
SessionID[] 2019-04-03 13:28:16,131 : b'wlxc83a35cef744: STA 48:49:c7:e2:2f:e0 IEEE 802.11: authenticated\n'
SessionID[] 2019-04-03 13:28:16,131 : b'wlxc83a35cef744: STA 48:49:c7:e2:2f:e0 IEEE 802.11: associated (aid 2)\nwlxc83a35cef744: AP-STA-CONNECTED 48:49:c7:e2:2f:e0\nwlxc83a35cef744: STA 48:49:c7:e2:2f:e0 RADIUS: starting accounting session 6FEEB34A088CF8E5\n'
SessionID[] 2019-04-03 13:28:23,581 : b'wlxc83a35cef744: AP-STA-DISCONNECTED 04:b1:67:6e:c0:2a\n'
SessionID[] 2019-04-03 13:28:25,504 : b'wlxc83a35cef744: AP-STA-DISCONNECTED 48:49:c7:e2:2f:e0\n'
SessionID[] 2019-04-03 13:28:39,452 : b'wlxc83a35cef744: STA f8:d0:bd:66:78:6c IEEE 802.11: authenticated\n'
SessionID[] 2019-04-03 13:28:39,466 : b'wlxc83a35cef744: STA f8:d0:bd:66:78:6c IEEE 802.11: associated (aid 1)\n'
SessionID[] 2019-04-03 13:28:39,466 : b'wlxc83a35cef744: AP-STA-CONNECTED f8:d0:bd:66:78:6c\nwlxc83a35cef744: STA f8:d0:bd:66:78:6c RADIUS: starting accounting session CFD0FCC91327964A\n'
SessionID[] 2019-04-03 14:30:35,944 : b'Configuration file: core/config/hostapd/hostapd.conf\nUsing interface wlxc83a35cef744 with hwaddr bc:f6:85:21:26:0b and ssid "PumpAP"\nwlxc83a35cef744: interface state UNINITIALIZED->ENABLED\nwlxc83a35cef744: AP-ENABLED \n'
SessionID[] 2019-04-03 14:30:58,280 : b'wlxc83a35cef744: STA 04:b1:67:6e:c0:2a IEEE 802.11: authenticated\n'
SessionID[] 2019-04-03 14:30:58,280 : b'wlxc83a35cef744: STA 04:b1:67:6e:c0:2a IEEE 802.11: associated (aid 1)\nwlxc83a35cef744: AP-STA-CONNECTED 04:b1:67:6e:c0:2a\nwlxc83a35cef744: STA 04:b1:67:6e:c0:2a RADIUS: starting accounting session 9EBA21908F9E1AB2\n'
